{
  "RSpec": {
    "coverage": {
      "/home/kosmas/Prog/ror/leaguer/app/helpers/application_helper.rb": [
        1,
        1,
        1,
        1,
        1,
        null,
        null,
        null,
        null
      ],
      "/home/kosmas/Prog/ror/leaguer/app/helpers/teams_helper.rb": [
        1,
        null
      ],
      "/home/kosmas/Prog/ror/leaguer/app/controllers/teams_controller.rb": [
        1,
        1,
        null,
        null,
        1,
        2,
        null,
        null,
        1,
        2,
        null,
        2,
        1,
        1,
        null,
        1,
        null,
        1,
        null,
        null,
        null,
        1,
        1,
        null,
        null,
        1,
        null,
        1,
        2,
        null,
        null
      ],
      "/home/kosmas/Prog/ror/leaguer/app/controllers/application_controller.rb": [
        1,
        null,
        null,
        1,
        null
      ],
      "/home/kosmas/Prog/ror/leaguer/app/models/team.rb": [
        1,
        1,
        null
      ]
    },
    "timestamp": 1380489369
  }
}
