{
  "RSpec": {
    "coverage": {
      "/home/kosmas/Prog/ror/leaguer/app/helpers/application_helper.rb": [
        1,
        1,
        6,
        6,
        6,
        null,
        null,
        null,
        null
      ],
      "/home/kosmas/Prog/ror/leaguer/app/helpers/teams_helper.rb": [
        1,
        null
      ],
      "/home/kosmas/Prog/ror/leaguer/app/controllers/teams_controller.rb": [
        1,
        1,
        null,
        1,
        8,
        null,
        null,
        1,
        2,
        null,
        null,
        1,
        2,
        null,
        2,
        1,
        1,
        null,
        1,
        null,
        1,
        null,
        null,
        null,
        1,
        null,
        null,
        1,
        null,
        null,
        1,
        2,
        1,
        1,
        null,
        1,
        1,
        null,
        null,
        null,
        1,
        1,
        null,
        1,
        null,
        1,
        null,
        null,
        1,
        null,
        1,
        4,
        null,
        null,
        1,
        12,
        null,
        1,
        1,
        null,
        null
      ],
      "/home/kosmas/Prog/ror/leaguer/app/controllers/application_controller.rb": [
        1,
        null,
        null,
        1,
        null
      ],
      "/home/kosmas/Prog/ror/leaguer/app/models/team.rb": [
        1,
        1,
        null
      ]
    },
    "timestamp": 1380728823
  },
  "Cucumber Features": {
    "coverage": {
      "/home/kosmas/Prog/ror/leaguer/app/helpers/application_helper.rb": [
        1,
        1,
        1,
        1,
        1,
        null,
        null,
        null,
        null
      ],
      "/home/kosmas/Prog/ror/leaguer/app/helpers/teams_helper.rb": [
        1,
        null
      ],
      "/home/kosmas/Prog/ror/leaguer/app/models/team.rb": [
        1,
        1,
        null
      ],
      "/home/kosmas/Prog/ror/leaguer/app/controllers/teams_controller.rb": [
        1,
        1,
        3,
        null,
        null,
        1,
        0,
        null,
        null,
        1,
        0,
        null,
        0,
        0,
        0,
        null,
        0,
        null,
        0,
        null,
        null,
        null,
        1,
        1,
        null,
        null,
        1,
        0,
        null,
        null,
        1,
        0,
        0,
        0,
        0,
        null,
        0,
        0,
        null,
        null,
        null,
        1,
        1,
        1,
        null,
        1,
        null,
        1,
        null,
        null,
        1,
        null,
        1,
        0,
        null,
        null
      ],
      "/home/kosmas/Prog/ror/leaguer/app/controllers/application_controller.rb": [
        1,
        null,
        null,
        1,
        null
      ]
    },
    "timestamp": 1380727361
  }
}
